[2026-05-16 11:38:40] Reserva creada para Ana Torres del 16/05 al 08/05
[2026-05-16 11:38:49] Check-in registrado para Ana Torres
[2026-05-16 11:39:00] Check-in registrado para Ana Torres
[2026-05-16 11:39:01] Reserva cancelada de Ana Torres
[2026-05-16 11:39:03] Reserva creada para Ana Torres del 16/05 al 08/05
[2026-05-16 11:39:05] Check-in registrado para Ana Torres
[2026-05-16 11:39:09] Check-in registrado para Ana Torres
[2026-05-16 11:39:09] Check-in registrado para Ana Torres
[2026-05-16 11:39:09] Check-in registrado para Ana Torres
[2026-05-16 11:39:09] Check-in registrado para Ana Torres
[2026-05-16 11:39:11] Check-in registrado para Ana Torres
[2026-05-16 11:39:12] Reserva cancelada de Ana Torres
[2026-05-16 11:39:14] Reserva cancelada de Luis Paredes
[2026-05-16 11:39:17] Reserva creada para Ana Torres del 16/05 al 08/05
[2026-05-16 11:39:18] Reserva creada para Ana Torres del 16/05 al 08/05
[2026-05-16 11:39:18] Reserva creada para Ana Torres del 16/05 al 08/05
[2026-05-16 11:39:18] Reserva creada para Ana Torres del 16/05 al 08/05
[2026-05-16 11:39:18] Reserva creada para Ana Torres del 16/05 al 08/05
[2026-05-16 11:39:19] Reserva creada para Ana Torres del 16/05 al 08/05
[2026-05-16 11:39:19] Reserva creada para Ana Torres del 16/05 al 08/05
[2026-05-16 11:39:19] Reserva creada para Ana Torres del 16/05 al 08/05
[2026-05-16 11:42:09] Check-out y factura creada para Ana Torres
[2026-05-16 11:42:17] Producto agregado a factura de Ana Torres
[2026-05-16 11:42:19] Producto agregado a factura de Ana Torres
[2026-05-16 11:42:21] Producto agregado a factura de Ana Torres
[2026-05-16 11:42:22] Producto agregado a factura de Ana Torres
[2026-05-16 11:42:22] Producto agregado a factura de Ana Torres
[2026-05-16 11:42:22] Producto agregado a factura de Ana Torres
[2026-05-16 11:42:22] Producto agregado a factura de Ana Torres
[2026-05-16 11:42:22] Producto agregado a factura de Ana Torres
[2026-05-16 11:42:23] Producto agregado a factura de Ana Torres
[2026-05-16 11:42:25] Producto agregado a factura de Ana Torres
[2026-05-16 11:42:30] Producto agregado a factura de Ana Torres
[2026-05-16 11:44:09] Alta cliente: sdfgrthjhrgfes (1234567gfrdsa)
[2026-05-16 11:44:43] Reserva creada para Ana Torres del 16/05 al 17/05
[2026-05-16 11:44:44] Reserva creada para Ana Torres del 16/05 al 17/05
[2026-05-16 11:44:44] Reserva creada para Ana Torres del 16/05 al 17/05
[2026-05-16 11:44:44] Reserva creada para Ana Torres del 16/05 al 17/05
[2026-05-16 11:44:59] Reserva creada para Ana Torres del 16/05 al 08/05
